    1  passwd
    2  apt
    3  sudo
    4  quit
    5  exit
    6  git remote add origin https://github.com/KuroyukiRyuu/ws1.git
    7  git init
    8  git remote add origin https://github.com/KuroyukiRyuu/ws1.git
    9  history > cmds.log
   10  git push cmds.log
   11  mkdir ws1
   12  cd ws1
   13  git init
   14  history -> cmds.log
   15  history > cmds.log
   16  touch cmds.log
   17  ls
   18  git status
   19  git add
   20  git add cmds.log
   21  git status
   22  git commit -m "added cmds.log"
   23  git config --global user.email "benjaminwu17@gmail.com"
   24  git config --user.name "Benjamin Wu"
   25  git config --global user.name "Benjamin Wu"
   26  git commit -m "added cmds.log"
   27  git branch main
   28  git branch
   29  git branch --delete main
   30  git remote add origin https://github.com/KuroyukiRyuu/ws1.git
   31  git push -u origin master
   32  exit
   33  wget    https://s3.amazonaws.com/amazon-reviews-pds/tsv/amazon_reviews_us_Books_v1_02.tsv.gz
   34  cd ws1
   35  wget    https://s3.amazonaws.com/amazon-reviews-pds/tsv/amazon_reviews_us_Books_v1_02.tsv.gz
   36  history > cmds.log
